2022-09-23 02:53:25.8991 Info Message Template Auto Format enabled
2022-09-23 02:53:25.9093 Info Loading assembly: NLog.Web.AspNetCore
2022-09-23 02:53:25.9742 Info Adding target FileTarget(Name=allfile)
2022-09-23 02:53:25.9742 Info Adding target FileTarget(Name=ownFile-web)
2022-09-23 02:53:25.9773 Info Adding target ConsoleTarget(Name=lifetimeConsole)
2022-09-23 02:53:26.0095 Info Validating config: TargetNames=allfile, lifetimeConsole, ownFile-web, ConfigItems=81, FilePath=/app/NLog.config
2022-09-23 03:24:43.6569 Info AppDomain Shutting down. Logger closing...
2022-09-23 03:24:43.6718 Info Logger has been shut down.
2022-09-23 03:24:54.4098 Info Message Template Auto Format enabled
2022-09-23 03:24:54.4218 Info Loading assembly: NLog.Web.AspNetCore
2022-09-23 03:24:54.4839 Info Adding target FileTarget(Name=allfile)
2022-09-23 03:24:54.4856 Info Adding target FileTarget(Name=ownFile-web)
2022-09-23 03:24:54.4856 Info Adding target ConsoleTarget(Name=lifetimeConsole)
2022-09-23 03:24:54.5234 Info Validating config: TargetNames=allfile, lifetimeConsole, ownFile-web, ConfigItems=81, FilePath=/app/NLog.config
2022-09-23 03:25:56.4981 Info AppDomain Shutting down. Logger closing...
2022-09-23 03:25:56.5162 Info Logger has been shut down.
2022-09-24 01:36:39.6071 Info Message Template Auto Format enabled
2022-09-24 01:36:39.6368 Info Loading assembly: NLog.Web.AspNetCore
2022-09-24 01:36:39.7039 Info Adding target FileTarget(Name=allfile)
2022-09-24 01:36:39.7080 Info Adding target FileTarget(Name=ownFile-web)
2022-09-24 01:36:39.7080 Info Adding target ConsoleTarget(Name=lifetimeConsole)
2022-09-24 01:36:39.7433 Info Validating config: TargetNames=allfile, lifetimeConsole, ownFile-web, ConfigItems=81, FilePath=/app/NLog.config
2022-09-24 01:37:39.6918 Info AppDomain Shutting down. Logger closing...
2022-09-24 01:37:39.7091 Info Logger has been shut down.
